<?xml version="1.0" encoding="UTF-8"?>
<testsuite xmlns:xsi="http://www.w3.org/2001/XMLSchema-instance" xsi:noNamespaceSchemaLocation="https://maven.apache.org/surefire/maven-surefire-plugin/xsd/surefire-test-report.xsd" name="com.example.admin.Boot05WebAdminApplicationTests" time="5.556" tests="2" errors="0" skipped="0" failures="0">
  <properties>
    <property name="sun.desktop" value="windows"/>
    <property name="awt.toolkit" value="sun.awt.windows.WToolkit"/>
    <property name="file.encoding.pkg" value="sun.io"/>
    <property name="java.specification.version" value="1.8"/>
    <property name="sun.cpu.isalist" value="amd64"/>
    <property name="sun.jnu.encoding" value="GBK"/>
    <property name="java.class.path" value="F:\tingFiles\boot-05-web-admin\target\test-classes;F:\tingFiles\boot-05-web-admin\target\classes;D:\software\maven-repository\org\springframework\boot\spring-boot-starter-thymeleaf\2.7.1\spring-boot-starter-thymeleaf-2.7.1.jar;D:\software\maven-repository\org\springframework\boot\spring-boot-starter\2.7.1\spring-boot-starter-2.7.1.jar;D:\software\maven-repository\org\springframework\boot\spring-boot-starter-logging\2.7.1\spring-boot-starter-logging-2.7.1.jar;D:\software\maven-repository\ch\qos\logback\logback-classic\1.2.11\logback-classic-1.2.11.jar;D:\software\maven-repository\ch\qos\logback\logback-core\1.2.11\logback-core-1.2.11.jar;D:\software\maven-repository\org\apache\logging\log4j\log4j-to-slf4j\2.17.2\log4j-to-slf4j-2.17.2.jar;D:\software\maven-repository\org\apache\logging\log4j\log4j-api\2.17.2\log4j-api-2.17.2.jar;D:\software\maven-repository\org\slf4j\jul-to-slf4j\1.7.36\jul-to-slf4j-1.7.36.jar;D:\software\maven-repository\jakarta\annotation\jakarta.annotation-api\1.3.5\jakarta.annotation-api-1.3.5.jar;D:\software\maven-repository\org\yaml\snakeyaml\1.30\snakeyaml-1.30.jar;D:\software\maven-repository\org\thymeleaf\thymeleaf-spring5\3.0.15.RELEASE\thymeleaf-spring5-3.0.15.RELEASE.jar;D:\software\maven-repository\org\thymeleaf\thymeleaf\3.0.15.RELEASE\thymeleaf-3.0.15.RELEASE.jar;D:\software\maven-repository\org\attoparser\attoparser\2.0.5.RELEASE\attoparser-2.0.5.RELEASE.jar;D:\software\maven-repository\org\unbescape\unbescape\1.1.6.RELEASE\unbescape-1.1.6.RELEASE.jar;D:\software\maven-repository\org\thymeleaf\extras\thymeleaf-extras-java8time\3.0.4.RELEASE\thymeleaf-extras-java8time-3.0.4.RELEASE.jar;D:\software\maven-repository\org\springframework\boot\spring-boot-starter-web\2.7.1\spring-boot-starter-web-2.7.1.jar;D:\software\maven-repository\org\springframework\boot\spring-boot-starter-json\2.7.1\spring-boot-starter-json-2.7.1.jar;D:\software\maven-repository\com\fasterxml\jackson\core\jackson-databind\2.13.3\jackson-databind-2.13.3.jar;D:\software\maven-repository\com\fasterxml\jackson\core\jackson-annotations\2.13.3\jackson-annotations-2.13.3.jar;D:\software\maven-repository\com\fasterxml\jackson\core\jackson-core\2.13.3\jackson-core-2.13.3.jar;D:\software\maven-repository\com\fasterxml\jackson\datatype\jackson-datatype-jdk8\2.13.3\jackson-datatype-jdk8-2.13.3.jar;D:\software\maven-repository\com\fasterxml\jackson\datatype\jackson-datatype-jsr310\2.13.3\jackson-datatype-jsr310-2.13.3.jar;D:\software\maven-repository\com\fasterxml\jackson\module\jackson-module-parameter-names\2.13.3\jackson-module-parameter-names-2.13.3.jar;D:\software\maven-repository\org\springframework\boot\spring-boot-starter-tomcat\2.7.1\spring-boot-starter-tomcat-2.7.1.jar;D:\software\maven-repository\org\apache\tomcat\embed\tomcat-embed-core\9.0.64\tomcat-embed-core-9.0.64.jar;D:\software\maven-repository\org\apache\tomcat\embed\tomcat-embed-el\9.0.64\tomcat-embed-el-9.0.64.jar;D:\software\maven-repository\org\apache\tomcat\embed\tomcat-embed-websocket\9.0.64\tomcat-embed-websocket-9.0.64.jar;D:\software\maven-repository\org\springframework\spring-web\5.3.21\spring-web-5.3.21.jar;D:\software\maven-repository\org\springframework\spring-beans\5.3.21\spring-beans-5.3.21.jar;D:\software\maven-repository\org\springframework\spring-webmvc\5.3.21\spring-webmvc-5.3.21.jar;D:\software\maven-repository\org\springframework\spring-aop\5.3.21\spring-aop-5.3.21.jar;D:\software\maven-repository\org\springframework\spring-context\5.3.21\spring-context-5.3.21.jar;D:\software\maven-repository\org\springframework\spring-expression\5.3.21\spring-expression-5.3.21.jar;D:\software\maven-repository\org\springframework\boot\spring-boot-devtools\2.7.1\spring-boot-devtools-2.7.1.jar;D:\software\maven-repository\org\springframework\boot\spring-boot\2.7.1\spring-boot-2.7.1.jar;D:\software\maven-repository\org\springframework\boot\spring-boot-autoconfigure\2.7.1\spring-boot-autoconfigure-2.7.1.jar;D:\software\maven-repository\org\springframework\boot\spring-boot-configuration-processor\2.7.1\spring-boot-configuration-processor-2.7.1.jar;D:\software\maven-repository\org\projectlombok\lombok\1.18.24\lombok-1.18.24.jar;D:\software\maven-repository\org\springframework\boot\spring-boot-starter-test\2.7.1\spring-boot-starter-test-2.7.1.jar;D:\software\maven-repository\org\springframework\boot\spring-boot-test\2.7.1\spring-boot-test-2.7.1.jar;D:\software\maven-repository\org\springframework\boot\spring-boot-test-autoconfigure\2.7.1\spring-boot-test-autoconfigure-2.7.1.jar;D:\software\maven-repository\com\jayway\jsonpath\json-path\2.7.0\json-path-2.7.0.jar;D:\software\maven-repository\net\minidev\json-smart\2.4.8\json-smart-2.4.8.jar;D:\software\maven-repository\net\minidev\accessors-smart\2.4.8\accessors-smart-2.4.8.jar;D:\software\maven-repository\org\ow2\asm\asm\9.1\asm-9.1.jar;D:\software\maven-repository\jakarta\xml\bind\jakarta.xml.bind-api\2.3.3\jakarta.xml.bind-api-2.3.3.jar;D:\software\maven-repository\jakarta\activation\jakarta.activation-api\1.2.2\jakarta.activation-api-1.2.2.jar;D:\software\maven-repository\org\assertj\assertj-core\3.22.0\assertj-core-3.22.0.jar;D:\software\maven-repository\org\hamcrest\hamcrest\2.2\hamcrest-2.2.jar;D:\software\maven-repository\org\junit\jupiter\junit-jupiter\5.8.2\junit-jupiter-5.8.2.jar;D:\software\maven-repository\org\junit\jupiter\junit-jupiter-api\5.8.2\junit-jupiter-api-5.8.2.jar;D:\software\maven-repository\org\opentest4j\opentest4j\1.2.0\opentest4j-1.2.0.jar;D:\software\maven-repository\org\junit\platform\junit-platform-commons\1.8.2\junit-platform-commons-1.8.2.jar;D:\software\maven-repository\org\apiguardian\apiguardian-api\1.1.2\apiguardian-api-1.1.2.jar;D:\software\maven-repository\org\junit\jupiter\junit-jupiter-params\5.8.2\junit-jupiter-params-5.8.2.jar;D:\software\maven-repository\org\junit\jupiter\junit-jupiter-engine\5.8.2\junit-jupiter-engine-5.8.2.jar;D:\software\maven-repository\org\junit\platform\junit-platform-engine\1.8.2\junit-platform-engine-1.8.2.jar;D:\software\maven-repository\org\mockito\mockito-core\4.5.1\mockito-core-4.5.1.jar;D:\software\maven-repository\net\bytebuddy\byte-buddy\1.12.11\byte-buddy-1.12.11.jar;D:\software\maven-repository\net\bytebuddy\byte-buddy-agent\1.12.11\byte-buddy-agent-1.12.11.jar;D:\software\maven-repository\org\objenesis\objenesis\3.2\objenesis-3.2.jar;D:\software\maven-repository\org\mockito\mockito-junit-jupiter\4.5.1\mockito-junit-jupiter-4.5.1.jar;D:\software\maven-repository\org\skyscreamer\jsonassert\1.5.0\jsonassert-1.5.0.jar;D:\software\maven-repository\com\vaadin\external\google\android-json\0.0.20131108.vaadin1\android-json-0.0.20131108.vaadin1.jar;D:\software\maven-repository\org\springframework\spring-core\5.3.21\spring-core-5.3.21.jar;D:\software\maven-repository\org\springframework\spring-jcl\5.3.21\spring-jcl-5.3.21.jar;D:\software\maven-repository\org\springframework\spring-test\5.3.21\spring-test-5.3.21.jar;D:\software\maven-repository\org\xmlunit\xmlunit-core\2.9.0\xmlunit-core-2.9.0.jar;D:\software\maven-repository\com\alibaba\druid\1.1.17\druid-1.1.17.jar;D:\software\maven-repository\mysql\mysql-connector-java\8.0.29\mysql-connector-java-8.0.29.jar;D:\software\maven-repository\log4j\log4j\1.2.17\log4j-1.2.17.jar;D:\software\maven-repository\org\slf4j\slf4j-reload4j\1.7.36\slf4j-reload4j-1.7.36.jar;D:\software\maven-repository\ch\qos\reload4j\reload4j\1.2.19\reload4j-1.2.19.jar;D:\software\maven-repository\org\slf4j\slf4j-api\1.7.36\slf4j-api-1.7.36.jar;D:\software\maven-repository\com\alibaba\druid-spring-boot-starter\1.2.11\druid-spring-boot-starter-1.2.11.jar;D:\software\maven-repository\com\baomidou\mybatis-plus-boot-starter\3.5.2\mybatis-plus-boot-starter-3.5.2.jar;D:\software\maven-repository\com\baomidou\mybatis-plus\3.5.2\mybatis-plus-3.5.2.jar;D:\software\maven-repository\com\baomidou\mybatis-plus-extension\3.5.2\mybatis-plus-extension-3.5.2.jar;D:\software\maven-repository\com\baomidou\mybatis-plus-core\3.5.2\mybatis-plus-core-3.5.2.jar;D:\software\maven-repository\com\baomidou\mybatis-plus-annotation\3.5.2\mybatis-plus-annotation-3.5.2.jar;D:\software\maven-repository\com\github\jsqlparser\jsqlparser\4.4\jsqlparser-4.4.jar;D:\software\maven-repository\org\mybatis\mybatis\3.5.10\mybatis-3.5.10.jar;D:\software\maven-repository\org\mybatis\mybatis-spring\2.0.7\mybatis-spring-2.0.7.jar;D:\software\maven-repository\org\jetbrains\kotlin\kotlin-stdlib-jdk8\1.6.21\kotlin-stdlib-jdk8-1.6.21.jar;D:\software\maven-repository\org\jetbrains\kotlin\kotlin-stdlib\1.6.21\kotlin-stdlib-1.6.21.jar;D:\software\maven-repository\org\jetbrains\kotlin\kotlin-stdlib-common\1.6.21\kotlin-stdlib-common-1.6.21.jar;D:\software\maven-repository\org\jetbrains\annotations\13.0\annotations-13.0.jar;D:\software\maven-repository\org\jetbrains\kotlin\kotlin-stdlib-jdk7\1.6.21\kotlin-stdlib-jdk7-1.6.21.jar;D:\software\maven-repository\org\springframework\boot\spring-boot-starter-jdbc\2.7.1\spring-boot-starter-jdbc-2.7.1.jar;D:\software\maven-repository\com\zaxxer\HikariCP\4.0.3\HikariCP-4.0.3.jar;D:\software\maven-repository\org\springframework\spring-jdbc\5.3.21\spring-jdbc-5.3.21.jar;D:\software\maven-repository\org\springframework\spring-tx\5.3.21\spring-tx-5.3.21.jar;"/>
    <property name="java.vm.vendor" value="Oracle Corporation"/>
    <property name="sun.arch.data.model" value="64"/>
    <property name="user.variant" value=""/>
    <property name="java.vendor.url" value="http://java.oracle.com/"/>
    <property name="user.timezone" value="Asia/Shanghai"/>
    <property name="java.vm.specification.version" value="1.8"/>
    <property name="os.name" value="Windows 10"/>
    <property name="user.country" value="CN"/>
    <property name="sun.java.launcher" value="SUN_STANDARD"/>
    <property name="sun.boot.library.path" value="C:\Program Files\Java\jdk1.8.0_333\jre\bin"/>
    <property name="sun.java.command" value="C:\Users\zeng\AppData\Local\Temp\surefire8886679217402693509\surefirebooter724057573178023013.jar C:\Users\zeng\AppData\Local\Temp\surefire8886679217402693509 2022-07-01T13-31-54_621-jvmRun1 surefire8422861096722298368tmp surefire_01344732447932248075tmp"/>
    <property name="surefire.test.class.path" value="F:\tingFiles\boot-05-web-admin\target\test-classes;F:\tingFiles\boot-05-web-admin\target\classes;D:\software\maven-repository\org\springframework\boot\spring-boot-starter-thymeleaf\2.7.1\spring-boot-starter-thymeleaf-2.7.1.jar;D:\software\maven-repository\org\springframework\boot\spring-boot-starter\2.7.1\spring-boot-starter-2.7.1.jar;D:\software\maven-repository\org\springframework\boot\spring-boot-starter-logging\2.7.1\spring-boot-starter-logging-2.7.1.jar;D:\software\maven-repository\ch\qos\logback\logback-classic\1.2.11\logback-classic-1.2.11.jar;D:\software\maven-repository\ch\qos\logback\logback-core\1.2.11\logback-core-1.2.11.jar;D:\software\maven-repository\org\apache\logging\log4j\log4j-to-slf4j\2.17.2\log4j-to-slf4j-2.17.2.jar;D:\software\maven-repository\org\apache\logging\log4j\log4j-api\2.17.2\log4j-api-2.17.2.jar;D:\software\maven-repository\org\slf4j\jul-to-slf4j\1.7.36\jul-to-slf4j-1.7.36.jar;D:\software\maven-repository\jakarta\annotation\jakarta.annotation-api\1.3.5\jakarta.annotation-api-1.3.5.jar;D:\software\maven-repository\org\yaml\snakeyaml\1.30\snakeyaml-1.30.jar;D:\software\maven-repository\org\thymeleaf\thymeleaf-spring5\3.0.15.RELEASE\thymeleaf-spring5-3.0.15.RELEASE.jar;D:\software\maven-repository\org\thymeleaf\thymeleaf\3.0.15.RELEASE\thymeleaf-3.0.15.RELEASE.jar;D:\software\maven-repository\org\attoparser\attoparser\2.0.5.RELEASE\attoparser-2.0.5.RELEASE.jar;D:\software\maven-repository\org\unbescape\unbescape\1.1.6.RELEASE\unbescape-1.1.6.RELEASE.jar;D:\software\maven-repository\org\thymeleaf\extras\thymeleaf-extras-java8time\3.0.4.RELEASE\thymeleaf-extras-java8time-3.0.4.RELEASE.jar;D:\software\maven-repository\org\springframework\boot\spring-boot-starter-web\2.7.1\spring-boot-starter-web-2.7.1.jar;D:\software\maven-repository\org\springframework\boot\spring-boot-starter-json\2.7.1\spring-boot-starter-json-2.7.1.jar;D:\software\maven-repository\com\fasterxml\jackson\core\jackson-databind\2.13.3\jackson-databind-2.13.3.jar;D:\software\maven-repository\com\fasterxml\jackson\core\jackson-annotations\2.13.3\jackson-annotations-2.13.3.jar;D:\software\maven-repository\com\fasterxml\jackson\core\jackson-core\2.13.3\jackson-core-2.13.3.jar;D:\software\maven-repository\com\fasterxml\jackson\datatype\jackson-datatype-jdk8\2.13.3\jackson-datatype-jdk8-2.13.3.jar;D:\software\maven-repository\com\fasterxml\jackson\datatype\jackson-datatype-jsr310\2.13.3\jackson-datatype-jsr310-2.13.3.jar;D:\software\maven-repository\com\fasterxml\jackson\module\jackson-module-parameter-names\2.13.3\jackson-module-parameter-names-2.13.3.jar;D:\software\maven-repository\org\springframework\boot\spring-boot-starter-tomcat\2.7.1\spring-boot-starter-tomcat-2.7.1.jar;D:\software\maven-repository\org\apache\tomcat\embed\tomcat-embed-core\9.0.64\tomcat-embed-core-9.0.64.jar;D:\software\maven-repository\org\apache\tomcat\embed\tomcat-embed-el\9.0.64\tomcat-embed-el-9.0.64.jar;D:\software\maven-repository\org\apache\tomcat\embed\tomcat-embed-websocket\9.0.64\tomcat-embed-websocket-9.0.64.jar;D:\software\maven-repository\org\springframework\spring-web\5.3.21\spring-web-5.3.21.jar;D:\software\maven-repository\org\springframework\spring-beans\5.3.21\spring-beans-5.3.21.jar;D:\software\maven-repository\org\springframework\spring-webmvc\5.3.21\spring-webmvc-5.3.21.jar;D:\software\maven-repository\org\springframework\spring-aop\5.3.21\spring-aop-5.3.21.jar;D:\software\maven-repository\org\springframework\spring-context\5.3.21\spring-context-5.3.21.jar;D:\software\maven-repository\org\springframework\spring-expression\5.3.21\spring-expression-5.3.21.jar;D:\software\maven-repository\org\springframework\boot\spring-boot-devtools\2.7.1\spring-boot-devtools-2.7.1.jar;D:\software\maven-repository\org\springframework\boot\spring-boot\2.7.1\spring-boot-2.7.1.jar;D:\software\maven-repository\org\springframework\boot\spring-boot-autoconfigure\2.7.1\spring-boot-autoconfigure-2.7.1.jar;D:\software\maven-repository\org\springframework\boot\spring-boot-configuration-processor\2.7.1\spring-boot-configuration-processor-2.7.1.jar;D:\software\maven-repository\org\projectlombok\lombok\1.18.24\lombok-1.18.24.jar;D:\software\maven-repository\org\springframework\boot\spring-boot-starter-test\2.7.1\spring-boot-starter-test-2.7.1.jar;D:\software\maven-repository\org\springframework\boot\spring-boot-test\2.7.1\spring-boot-test-2.7.1.jar;D:\software\maven-repository\org\springframework\boot\spring-boot-test-autoconfigure\2.7.1\spring-boot-test-autoconfigure-2.7.1.jar;D:\software\maven-repository\com\jayway\jsonpath\json-path\2.7.0\json-path-2.7.0.jar;D:\software\maven-repository\net\minidev\json-smart\2.4.8\json-smart-2.4.8.jar;D:\software\maven-repository\net\minidev\accessors-smart\2.4.8\accessors-smart-2.4.8.jar;D:\software\maven-repository\org\ow2\asm\asm\9.1\asm-9.1.jar;D:\software\maven-repository\jakarta\xml\bind\jakarta.xml.bind-api\2.3.3\jakarta.xml.bind-api-2.3.3.jar;D:\software\maven-repository\jakarta\activation\jakarta.activation-api\1.2.2\jakarta.activation-api-1.2.2.jar;D:\software\maven-repository\org\assertj\assertj-core\3.22.0\assertj-core-3.22.0.jar;D:\software\maven-repository\org\hamcrest\hamcrest\2.2\hamcrest-2.2.jar;D:\software\maven-repository\org\junit\jupiter\junit-jupiter\5.8.2\junit-jupiter-5.8.2.jar;D:\software\maven-repository\org\junit\jupiter\junit-jupiter-api\5.8.2\junit-jupiter-api-5.8.2.jar;D:\software\maven-repository\org\opentest4j\opentest4j\1.2.0\opentest4j-1.2.0.jar;D:\software\maven-repository\org\junit\platform\junit-platform-commons\1.8.2\junit-platform-commons-1.8.2.jar;D:\software\maven-repository\org\apiguardian\apiguardian-api\1.1.2\apiguardian-api-1.1.2.jar;D:\software\maven-repository\org\junit\jupiter\junit-jupiter-params\5.8.2\junit-jupiter-params-5.8.2.jar;D:\software\maven-repository\org\junit\jupiter\junit-jupiter-engine\5.8.2\junit-jupiter-engine-5.8.2.jar;D:\software\maven-repository\org\junit\platform\junit-platform-engine\1.8.2\junit-platform-engine-1.8.2.jar;D:\software\maven-repository\org\mockito\mockito-core\4.5.1\mockito-core-4.5.1.jar;D:\software\maven-repository\net\bytebuddy\byte-buddy\1.12.11\byte-buddy-1.12.11.jar;D:\software\maven-repository\net\bytebuddy\byte-buddy-agent\1.12.11\byte-buddy-agent-1.12.11.jar;D:\software\maven-repository\org\objenesis\objenesis\3.2\objenesis-3.2.jar;D:\software\maven-repository\org\mockito\mockito-junit-jupiter\4.5.1\mockito-junit-jupiter-4.5.1.jar;D:\software\maven-repository\org\skyscreamer\jsonassert\1.5.0\jsonassert-1.5.0.jar;D:\software\maven-repository\com\vaadin\external\google\android-json\0.0.20131108.vaadin1\android-json-0.0.20131108.vaadin1.jar;D:\software\maven-repository\org\springframework\spring-core\5.3.21\spring-core-5.3.21.jar;D:\software\maven-repository\org\springframework\spring-jcl\5.3.21\spring-jcl-5.3.21.jar;D:\software\maven-repository\org\springframework\spring-test\5.3.21\spring-test-5.3.21.jar;D:\software\maven-repository\org\xmlunit\xmlunit-core\2.9.0\xmlunit-core-2.9.0.jar;D:\software\maven-repository\com\alibaba\druid\1.1.17\druid-1.1.17.jar;D:\software\maven-repository\mysql\mysql-connector-java\8.0.29\mysql-connector-java-8.0.29.jar;D:\software\maven-repository\log4j\log4j\1.2.17\log4j-1.2.17.jar;D:\software\maven-repository\org\slf4j\slf4j-reload4j\1.7.36\slf4j-reload4j-1.7.36.jar;D:\software\maven-repository\ch\qos\reload4j\reload4j\1.2.19\reload4j-1.2.19.jar;D:\software\maven-repository\org\slf4j\slf4j-api\1.7.36\slf4j-api-1.7.36.jar;D:\software\maven-repository\com\alibaba\druid-spring-boot-starter\1.2.11\druid-spring-boot-starter-1.2.11.jar;D:\software\maven-repository\com\baomidou\mybatis-plus-boot-starter\3.5.2\mybatis-plus-boot-starter-3.5.2.jar;D:\software\maven-repository\com\baomidou\mybatis-plus\3.5.2\mybatis-plus-3.5.2.jar;D:\software\maven-repository\com\baomidou\mybatis-plus-extension\3.5.2\mybatis-plus-extension-3.5.2.jar;D:\software\maven-repository\com\baomidou\mybatis-plus-core\3.5.2\mybatis-plus-core-3.5.2.jar;D:\software\maven-repository\com\baomidou\mybatis-plus-annotation\3.5.2\mybatis-plus-annotation-3.5.2.jar;D:\software\maven-repository\com\github\jsqlparser\jsqlparser\4.4\jsqlparser-4.4.jar;D:\software\maven-repository\org\mybatis\mybatis\3.5.10\mybatis-3.5.10.jar;D:\software\maven-repository\org\mybatis\mybatis-spring\2.0.7\mybatis-spring-2.0.7.jar;D:\software\maven-repository\org\jetbrains\kotlin\kotlin-stdlib-jdk8\1.6.21\kotlin-stdlib-jdk8-1.6.21.jar;D:\software\maven-repository\org\jetbrains\kotlin\kotlin-stdlib\1.6.21\kotlin-stdlib-1.6.21.jar;D:\software\maven-repository\org\jetbrains\kotlin\kotlin-stdlib-common\1.6.21\kotlin-stdlib-common-1.6.21.jar;D:\software\maven-repository\org\jetbrains\annotations\13.0\annotations-13.0.jar;D:\software\maven-repository\org\jetbrains\kotlin\kotlin-stdlib-jdk7\1.6.21\kotlin-stdlib-jdk7-1.6.21.jar;D:\software\maven-repository\org\springframework\boot\spring-boot-starter-jdbc\2.7.1\spring-boot-starter-jdbc-2.7.1.jar;D:\software\maven-repository\com\zaxxer\HikariCP\4.0.3\HikariCP-4.0.3.jar;D:\software\maven-repository\org\springframework\spring-jdbc\5.3.21\spring-jdbc-5.3.21.jar;D:\software\maven-repository\org\springframework\spring-tx\5.3.21\spring-tx-5.3.21.jar;"/>
    <property name="sun.cpu.endian" value="little"/>
    <property name="user.home" value="C:\Users\zeng"/>
    <property name="user.language" value="zh"/>
    <property name="java.specification.vendor" value="Oracle Corporation"/>
    <property name="java.home" value="C:\Program Files\Java\jdk1.8.0_333\jre"/>
    <property name="basedir" value="F:\tingFiles\boot-05-web-admin"/>
    <property name="file.separator" value="\"/>
    <property name="line.separator" value="&#10;"/>
    <property name="java.vm.specification.vendor" value="Oracle Corporation"/>
    <property name="java.specification.name" value="Java Platform API Specification"/>
    <property name="java.awt.graphicsenv" value="sun.awt.Win32GraphicsEnvironment"/>
    <property name="surefire.real.class.path" value="C:\Users\zeng\AppData\Local\Temp\surefire8886679217402693509\surefirebooter724057573178023013.jar"/>
    <property name="sun.boot.class.path" value="C:\Program Files\Java\jdk1.8.0_333\jre\lib\resources.jar;C:\Program Files\Java\jdk1.8.0_333\jre\lib\rt.jar;C:\Program Files\Java\jdk1.8.0_333\jre\lib\sunrsasign.jar;C:\Program Files\Java\jdk1.8.0_333\jre\lib\jsse.jar;C:\Program Files\Java\jdk1.8.0_333\jre\lib\jce.jar;C:\Program Files\Java\jdk1.8.0_333\jre\lib\charsets.jar;C:\Program Files\Java\jdk1.8.0_333\jre\lib\jfr.jar;C:\Program Files\Java\jdk1.8.0_333\jre\classes"/>
    <property name="user.script" value=""/>
    <property name="sun.management.compiler" value="HotSpot 64-Bit Tiered Compilers"/>
    <property name="java.runtime.version" value="1.8.0_333-b02"/>
    <property name="user.name" value="zeng"/>
    <property name="path.separator" value=";"/>
    <property name="os.version" value="10.0"/>
    <property name="java.endorsed.dirs" value="C:\Program Files\Java\jdk1.8.0_333\jre\lib\endorsed"/>
    <property name="java.runtime.name" value="Java(TM) SE Runtime Environment"/>
    <property name="file.encoding" value="GBK"/>
    <property name="java.vm.name" value="Java HotSpot(TM) 64-Bit Server VM"/>
    <property name="localRepository" value="D:\software\maven-repository"/>
    <property name="java.vendor.url.bug" value="http://bugreport.sun.com/bugreport/"/>
    <property name="java.io.tmpdir" value="C:\Users\zeng\AppData\Local\Temp\"/>
    <property name="idea.version" value="2022.1.1"/>
    <property name="java.version" value="1.8.0_333"/>
    <property name="user.dir" value="F:\tingFiles\boot-05-web-admin"/>
    <property name="os.arch" value="amd64"/>
    <property name="java.vm.specification.name" value="Java Virtual Machine Specification"/>
    <property name="java.awt.printerjob" value="sun.awt.windows.WPrinterJob"/>
    <property name="sun.os.patch.level" value=""/>
    <property name="java.library.path" value="C:\Program Files\Java\jdk1.8.0_333\jre\bin;C:\Windows\Sun\Java\bin;C:\Windows\system32;C:\Windows;C:\Program Files (x86)\Common Files\Oracle\Java\javapath;D:\software\vmware\bin\;C:\Windows\system32;C:\Windows;C:\Windows\System32\Wbem;C:\Windows\System32\WindowsPowerShell\v1.0\;C:\Windows\System32\OpenSSH\;C:\Program Files\Java\jdk1.8.0_333\bin;D:\apache-maven-3.8.6-bin\apache-maven-3.8.6\bin;D:\software\Xftp 7\;D:\software\Xshell 7\;C:\Users\zeng\AppData\Local\Microsoft\WindowsApps;;D:\software\Microsoft VS Code\bin;D:\software\OpenVPN\bin;."/>
    <property name="java.vm.info" value="mixed mode"/>
    <property name="java.vendor" value="Oracle Corporation"/>
    <property name="java.vm.version" value="25.333-b02"/>
    <property name="java.ext.dirs" value="C:\Program Files\Java\jdk1.8.0_333\jre\lib\ext;C:\Windows\Sun\Java\lib\ext"/>
    <property name="sun.io.unicode.encoding" value="UnicodeLittle"/>
    <property name="maven.repo.local" value="D:\software\maven-repository"/>
    <property name="java.class.version" value="52.0"/>
  </properties>
  <testcase name="testUserMapper" classname="com.example.admin.Boot05WebAdminApplicationTests" time="1.389"/>
  <testcase name="contextLoads" classname="com.example.admin.Boot05WebAdminApplicationTests" time="0.016"/>
</testsuite>